<?xml version="1.0" encoding="UTF-8"?>
<!-- Generated by org.testng.reporters.JUnitXMLReporter -->
<testsuite ignored="3" hostname="DESKTOP-GFF3JSG" failures="0" tests="1" name="Default test(failed)" time="0.103" errors="0" timestamp="2022-06-14T17:50:11 IST">
  <testcase classname="failed_XMLFile.FirstClass" name="Method2" time="0.017"/>
  <testcase classname="failed_XMLFile.FirstClass" name="Method1" time="0.0">
    <ignored/>
  </testcase> <!-- Method1 -->
  <testcase classname="failed_XMLFile.FirstClass" name="Method4" time="0.0">
    <ignored/>
  </testcase> <!-- Method4 -->
  <testcase classname="failed_XMLFile.FirstClass" name="Method3" time="0.0">
    <ignored/>
  </testcase> <!-- Method3 -->
</testsuite> <!-- Default test(failed) -->
